Copyright 1986-2022 Xilinx, Inc. All Rights Reserved. Copyright 2022-2024 Advanced Micro Devices, Inc. All Rights Reserved.
---------------------------------------------------------------------------------------------------------------------------------------------
| Tool Version : Vivado v.2024.2 (win64) Build 5239630 Fri Nov 08 22:35:27 MST 2024
| Date         : Sun Dec 29 11:36:51 2024
| Host         : da_beast running 64-bit major release  (build 9200)
| Command      : upgrade_ip
| Device       : xc7s25csga225-1
---------------------------------------------------------------------------------------------------------------------------------------------

Upgrade Log for IP 'xadc_0'

1. Summary
----------

SUCCESS in the upgrade of xadc_0 (xilinx.com:ip:xadc_wiz:3.3) from (Rev. 9) to (Rev. 11)






Copyright 1986-2022 Xilinx, Inc. All Rights Reserved. Copyright 2022-2024 Advanced Micro Devices, Inc. All Rights Reserved.
---------------------------------------------------------------------------------------------------------------------------------------------
| Tool Version : Vivado v.2024.2 (win64) Build 5239630 Fri Nov 08 22:35:27 MST 2024
| Date         : Sun Dec 29 11:36:50 2024
| Host         : da_beast running 64-bit major release  (build 9200)
| Command      : upgrade_ip
| Device       : xc7s25csga225-1
---------------------------------------------------------------------------------------------------------------------------------------------

Upgrade Log for IP 'clk_wiz_0'

1. Summary
----------

SUCCESS in the upgrade of clk_wiz_0 (xilinx.com:ip:clk_wiz:6.0) from (Rev. 13) to (Rev. 15)

